Start testing: Jun 06 19:59 CEST
----------------------------------------------------------
4/7 Testing: TestAVLTreeNode
4/7 Test: TestAVLTreeNode
Command: "/usr/bin/python3" "run_tests.py" "/home/ale/Documents/GitHub/IngenieriaInformaticaUCO/ED/repaso/P3avl-tree/build//test_avltnode" "04_tests_avltnode"
Directory: /home/ale/Documents/GitHub/IngenieriaInformaticaUCO/ED/repaso/P3avl-tree
"TestAVLTreeNode" start time: Jun 06 19:59 CEST
Output:
----------------------------------------------------------
Test running: 04_tests_avltnode/00 ... [32mTest passed.[0m
Test running: 04_tests_avltnode/01 ... [32mTest passed.[0m
Test running: 04_tests_avltnode/02 ... [32mTest passed.[0m
Test running: 04_tests_avltnode/03 ... [32mTest passed.[0m
Test running: 04_tests_avltnode/04 ... [32mTest passed.[0m
Test running: 04_tests_avltnode/05 ... [32mTest passed.[0m
Test running: 04_tests_avltnode/06 ... [32mTest passed.[0m
7/7 tests passed.
<end of output>
Test time =   0.08 sec
----------------------------------------------------------
Test Passed.
"TestAVLTreeNode" end time: Jun 06 19:59 CEST
"TestAVLTreeNode" time elapsed: 00:00:00
----------------------------------------------------------

End testing: Jun 06 19:59 CEST
