<?xml version="1.0" encoding="UTF-8"?>
<Site BuildName="(empty)"
	BuildStamp="20250605-1646-Experimental"
	Name="(empty)"
	Generator="ctest-3.28.3"
	CompilerName=""
	CompilerVersion=""
	OSName="Linux"
	Hostname="AleLinuxMint"
	OSRelease="6.8.0-60-generic"
	OSVersion="#63-Ubuntu SMP PREEMPT_DYNAMIC Tue Apr 15 19:04:15 UTC 2025"
	OSPlatform="x86_64"
	Is64Bits="1"
	VendorString="AuthenticAMD"
	VendorID="Advanced Micro Devices"
	FamilyID="25"
	ModelID="120"
	ProcessorCacheSize="1024"
	NumberOfLogicalCPU="12"
	NumberOfPhysicalCPU="6"
	TotalVirtualMemory="2047"
	TotalPhysicalMemory="15199"
	LogicalProcessorsPerPhysical="2"
	ProcessorClockFrequency="2949.93"
	>
	<Testing>
		<StartDateTime>Jun 05 19:09 CEST</StartDateTime>
		<StartTestTime>1749143391</StartTestTime>
		<TestList>
			<Test>/home/ale/Documents/GitHub/IngenieriaInformaticaUCO/ED/p32goama/wgraph_traversals/graph/TestGraphFoldUnfold</Test>
		</TestList>
		<Test Status="passed">
			<Name>TestGraphFoldUnfold</Name>
			<Path>/home/ale/Documents/GitHub/IngenieriaInformaticaUCO/ED/p32goama/wgraph_traversals/graph</Path>
			<FullName>/home/ale/Documents/GitHub/IngenieriaInformaticaUCO/ED/p32goama/wgraph_traversals/graph/TestGraphFoldUnfold</FullName>
			<FullCommandLine>/usr/bin/python3 "run_tests.py" "/home/ale/Documents/GitHub/IngenieriaInformaticaUCO/ED/p32goama/wgraph_traversals/build/graph//test_graph" "03_tests_graph_fold_unfold"</FullCommandLine>
			<Results>
				<NamedMeasurement type="numeric/double" name="Execution Time">
					<Value>0.0363841</Value>
				</NamedMeasurement>
				<NamedMeasurement type="numeric/double" name="Processors">
					<Value>1</Value>
				</NamedMeasurement>
				<NamedMeasurement type="text/string" name="Completion Status">
					<Value>Completed</Value>
				</NamedMeasurement>
				<NamedMeasurement type="text/string" name="Command Line">
					<Value>/usr/bin/python3 "run_tests.py" "/home/ale/Documents/GitHub/IngenieriaInformaticaUCO/ED/p32goama/wgraph_traversals/build/graph//test_graph" "03_tests_graph_fold_unfold"</Value>
				</NamedMeasurement>
				<NamedMeasurement type="text/string" name="Environment">
					<Value>#CTEST_RESOURCE_GROUP_COUNT=</Value>
				</NamedMeasurement>
				<Measurement>
					<Value encoding="base64" compression="gzip">eJwLSS0uUSgqzcvLzEu3UjAwji8BChTHpxclFmTEp+XnpMSX5oEofQMDBT09PQXpaGOj3BCQpoLE4uLUFD3paINcrhCiTTGkiilGVDHFmCqmmFDFFFOqmGKGxxRzfXMFsEaYKBcAoCKrBg==</Value>
				</Measurement>
			</Results>
		</Test>
		<EndDateTime>Jun 05 19:09 CEST</EndDateTime>
		<EndTestTime>1749143391</EndTestTime>
		<ElapsedMinutes>0</ElapsedMinutes>
	</Testing>
</Site>
