<?xml version="1.0" encoding="UTF-8"?>
<Site BuildName="(empty)"
	BuildStamp="20250606-0823-Experimental"
	Name="(empty)"
	Generator="ctest-3.28.3"
	CompilerName=""
	CompilerVersion=""
	OSName="Linux"
	Hostname="AleLinuxMint2"
	OSRelease="6.8.0-51-generic"
	OSVersion="#52-Ubuntu SMP PREEMPT_DYNAMIC Thu Dec  5 13:09:44 UTC 2024"
	OSPlatform="x86_64"
	Is64Bits="1"
	VendorString="AuthenticAMD"
	VendorID="Advanced Micro Devices"
	FamilyID="23"
	ModelID="24"
	ProcessorCacheSize="512"
	NumberOfLogicalCPU="8"
	NumberOfPhysicalCPU="4"
	TotalVirtualMemory="0"
	TotalPhysicalMemory="14918"
	LogicalProcessorsPerPhysical="2"
	ProcessorClockFrequency="3431.72"
	>
	<Testing>
		<StartDateTime>Jun 06 19:59 CEST</StartDateTime>
		<StartTestTime>1749232768</StartTestTime>
		<TestList>
			<Test>/home/ale/Documents/GitHub/IngenieriaInformaticaUCO/ED/repaso/P3avl-tree/TestAVLTreeNode</Test>
		</TestList>
		<Test Status="passed">
			<Name>TestAVLTreeNode</Name>
			<Path>/home/ale/Documents/GitHub/IngenieriaInformaticaUCO/ED/repaso/P3avl-tree</Path>
			<FullName>/home/ale/Documents/GitHub/IngenieriaInformaticaUCO/ED/repaso/P3avl-tree/TestAVLTreeNode</FullName>
			<FullCommandLine>/usr/bin/python3 "run_tests.py" "/home/ale/Documents/GitHub/IngenieriaInformaticaUCO/ED/repaso/P3avl-tree/build//test_avltnode" "04_tests_avltnode"</FullCommandLine>
			<Results>
				<NamedMeasurement type="numeric/double" name="Execution Time">
					<Value>0.0796025</Value>
				</NamedMeasurement>
				<NamedMeasurement type="numeric/double" name="Processors">
					<Value>1</Value>
				</NamedMeasurement>
				<NamedMeasurement type="text/string" name="Completion Status">
					<Value>Completed</Value>
				</NamedMeasurement>
				<NamedMeasurement type="text/string" name="Command Line">
					<Value>/usr/bin/python3 "run_tests.py" "/home/ale/Documents/GitHub/IngenieriaInformaticaUCO/ED/repaso/P3avl-tree/build//test_avltnode" "04_tests_avltnode"</Value>
				</NamedMeasurement>
				<NamedMeasurement type="text/string" name="Environment">
					<Value>#CTEST_RESOURCE_GROUP_COUNT=</Value>
				</NamedMeasurement>
				<Measurement>
					<Value encoding="base64" compression="gzip">eJwLSS0uUSgqzcvLzEu3UjAwiS8BChTHJ5bllOTlp6TqGxgo6OnpKUhHGxvlhoDUFiQWF6em6ElHG+RyhRDSbEiJZiNKNBtTotmEEs2mlGg2w6PZXN9cAaweJsoFAPIQka0=</Value>
				</Measurement>
			</Results>
		</Test>
		<EndDateTime>Jun 06 19:59 CEST</EndDateTime>
		<EndTestTime>1749232768</EndTestTime>
		<ElapsedMinutes>0</ElapsedMinutes>
	</Testing>
</Site>
