<?xml version="1.0" encoding="UTF-8"?>
<Site BuildName="(empty)"
	BuildStamp="20250608-0823-Experimental"
	Name="(empty)"
	Generator="ctest-3.28.3"
	CompilerName=""
	CompilerVersion=""
	OSName="Linux"
	Hostname="AleLinuxMint2"
	OSRelease="6.8.0-51-generic"
	OSVersion="#52-Ubuntu SMP PREEMPT_DYNAMIC Thu Dec  5 13:09:44 UTC 2024"
	OSPlatform="x86_64"
	Is64Bits="1"
	VendorString="AuthenticAMD"
	VendorID="Advanced Micro Devices"
	FamilyID="23"
	ModelID="24"
	ProcessorCacheSize="512"
	NumberOfLogicalCPU="8"
	NumberOfPhysicalCPU="4"
	TotalVirtualMemory="0"
	TotalPhysicalMemory="14918"
	LogicalProcessorsPerPhysical="2"
	ProcessorClockFrequency="1362.29"
	>
	<Testing>
		<StartDateTime>Jun 08 11:20 CEST</StartDateTime>
		<StartTestTime>1749374435</StartTestTime>
		<TestList>
			<Test>/home/ale/Documents/GitHub/IngenieriaInformaticaUCO/ED/p32goama/priority_queue/TestPQueue</Test>
		</TestList>
		<Test Status="passed">
			<Name>TestPQueue</Name>
			<Path>/home/ale/Documents/GitHub/IngenieriaInformaticaUCO/ED/p32goama/priority_queue</Path>
			<FullName>/home/ale/Documents/GitHub/IngenieriaInformaticaUCO/ED/p32goama/priority_queue/TestPQueue</FullName>
			<FullCommandLine>/usr/bin/python3 "run_tests.py" "/home/ale/Documents/GitHub/IngenieriaInformaticaUCO/ED/p32goama/priority_queue/build//test_pqueue" "04_pqueue"</FullCommandLine>
			<Results>
				<NamedMeasurement type="numeric/double" name="Execution Time">
					<Value>0.0845034</Value>
				</NamedMeasurement>
				<NamedMeasurement type="numeric/double" name="Processors">
					<Value>1</Value>
				</NamedMeasurement>
				<NamedMeasurement type="text/string" name="Completion Status">
					<Value>Completed</Value>
				</NamedMeasurement>
				<NamedMeasurement type="text/string" name="Command Line">
					<Value>/usr/bin/python3 "run_tests.py" "/home/ale/Documents/GitHub/IngenieriaInformaticaUCO/ED/p32goama/priority_queue/build//test_pqueue" "04_pqueue"</Value>
				</NamedMeasurement>
				<NamedMeasurement type="text/string" name="Environment">
					<Value>#CTEST_RESOURCE_GROUP_COUNT=</Value>
				</NamedMeasurement>
				<Measurement>
					<Value encoding="base64" compression="gzip">eJwLSS0uUSgqzcvLzEu3UjAwiS8oLE0tTdU3MFDQ09NTkI42NsoNAakpSCwuTk3Rk442yOUKwaXJkBxNRuRoMiZHkwkeTab6pgolQMFimCgXAK/PWOo=</Value>
				</Measurement>
			</Results>
		</Test>
		<EndDateTime>Jun 08 11:20 CEST</EndDateTime>
		<EndTestTime>1749374436</EndTestTime>
		<ElapsedMinutes>0</ElapsedMinutes>
	</Testing>
</Site>
