<?xml version="1.0" encoding="UTF-8"?>
<Site BuildName="(empty)"
	BuildStamp="20250605-1619-Experimental"
	Name="(empty)"
	Generator="ctest-3.28.3"
	CompilerName=""
	CompilerVersion=""
	OSName="Linux"
	Hostname="AleLinuxMint"
	OSRelease="6.8.0-60-generic"
	OSVersion="#63-Ubuntu SMP PREEMPT_DYNAMIC Tue Apr 15 19:04:15 UTC 2025"
	OSPlatform="x86_64"
	Is64Bits="1"
	VendorString="AuthenticAMD"
	VendorID="Advanced Micro Devices"
	FamilyID="25"
	ModelID="120"
	ProcessorCacheSize="1024"
	NumberOfLogicalCPU="12"
	NumberOfPhysicalCPU="6"
	TotalVirtualMemory="2047"
	TotalPhysicalMemory="15199"
	LogicalProcessorsPerPhysical="2"
	ProcessorClockFrequency="2976.01"
	>
	<Testing>
		<StartDateTime>Jun 05 18:44 CEST</StartDateTime>
		<StartTestTime>1749141899</StartTestTime>
		<TestList>
			<Test>/home/ale/Documents/GitHub/IngenieriaInformaticaUCO/ED/p32goama/wgraph_paths/TestFloyd</Test>
		</TestList>
		<Test Status="passed">
			<Name>TestFloyd</Name>
			<Path>/home/ale/Documents/GitHub/IngenieriaInformaticaUCO/ED/p32goama/wgraph_paths</Path>
			<FullName>/home/ale/Documents/GitHub/IngenieriaInformaticaUCO/ED/p32goama/wgraph_paths/TestFloyd</FullName>
			<FullCommandLine>/usr/bin/python3 "run_tests.py" "/home/ale/Documents/GitHub/IngenieriaInformaticaUCO/ED/p32goama/wgraph_paths/build//test_floyd" "02_tests_floyd"</FullCommandLine>
			<Results>
				<NamedMeasurement type="numeric/double" name="Execution Time">
					<Value>0.0511969</Value>
				</NamedMeasurement>
				<NamedMeasurement type="numeric/double" name="Processors">
					<Value>1</Value>
				</NamedMeasurement>
				<NamedMeasurement type="text/string" name="Completion Status">
					<Value>Completed</Value>
				</NamedMeasurement>
				<NamedMeasurement type="text/string" name="Command Line">
					<Value>/usr/bin/python3 "run_tests.py" "/home/ale/Documents/GitHub/IngenieriaInformaticaUCO/ED/p32goama/wgraph_paths/build//test_floyd" "02_tests_floyd"</Value>
				</NamedMeasurement>
				<NamedMeasurement type="text/string" name="Environment">
					<Value>#CTEST_RESOURCE_GROUP_COUNT=</Value>
				</NamedMeasurement>
				<Measurement>
					<Value encoding="base64" compression="gzip">eJwLSS0uUSgqzcvLzEu3UjAwii8BChTHp+XkV6boGxgo6OnpKUhHGxvlhoAUFiQWF6em6ElHG+RyheDVaUi2TiOydZrg0Wmib6IAVgwT5QIACKxQqg==</Value>
				</Measurement>
			</Results>
		</Test>
		<EndDateTime>Jun 05 18:44 CEST</EndDateTime>
		<EndTestTime>1749141899</EndTestTime>
		<ElapsedMinutes>0</ElapsedMinutes>
	</Testing>
</Site>
