<?xml version="1.0" encoding="UTF-8"?>
<Site BuildName="(empty)"
	BuildStamp="20250528-1533-Experimental"
	Name="(empty)"
	Generator="ctest-3.28.3"
	CompilerName=""
	CompilerVersion=""
	OSName="Linux"
	Hostname="AleLinuxMint"
	OSRelease="6.8.0-60-generic"
	OSVersion="#63-Ubuntu SMP PREEMPT_DYNAMIC Tue Apr 15 19:04:15 UTC 2025"
	OSPlatform="x86_64"
	Is64Bits="1"
	VendorString="AuthenticAMD"
	VendorID="Advanced Micro Devices"
	FamilyID="25"
	ModelID="120"
	ProcessorCacheSize="1024"
	NumberOfLogicalCPU="12"
	NumberOfPhysicalCPU="6"
	TotalVirtualMemory="2047"
	TotalPhysicalMemory="15199"
	LogicalProcessorsPerPhysical="2"
	ProcessorClockFrequency="5040.36"
	>
	<Testing>
		<StartDateTime>May 28 18:24 CEST</StartDateTime>
		<StartTestTime>1748449485</StartTestTime>
		<TestList/>
		<EndDateTime>May 28 18:24 CEST</EndDateTime>
		<EndTestTime>1748449485</EndTestTime>
		<ElapsedMinutes>0</ElapsedMinutes>
	</Testing>
</Site>
