<?xml version="1.0" encoding="UTF-8"?>
<Site BuildName="(empty)"
	BuildStamp="20250222-0905-Experimental"
	Name="(empty)"
	Generator="ctest-3.22.1"
	CompilerName=""
	CompilerVersion=""
	OSName="Linux"
	Hostname="HuaweiGomezAmaro"
	OSRelease="5.15.167.4-microsoft-standard-WSL2"
	OSVersion="#1 SMP Tue Nov 5 00:21:55 UTC 2024"
	OSPlatform="x86_64"
	Is64Bits="1"
	VendorString="AuthenticAMD"
	VendorID="Advanced Micro Devices"
	FamilyID="23"
	ModelID="24"
	ProcessorCacheSize="512"
	NumberOfLogicalCPU="8"
	NumberOfPhysicalCPU="4"
	TotalVirtualMemory="2048"
	TotalPhysicalMemory="7410"
	LogicalProcessorsPerPhysical="2"
	ProcessorClockFrequency="2295.61"
	>
	<Testing>
		<StartDateTime>Feb 22 10:05 CET</StartDateTime>
		<StartTestTime>1740215116</StartTestTime>
		<TestList/>
		<EndDateTime>Feb 22 10:05 CET</EndDateTime>
		<EndTestTime>1740215116</EndTestTime>
		<ElapsedMinutes>0</ElapsedMinutes>
	</Testing>
</Site>
