<?xml version="1.0" encoding="UTF-8"?>
<Site BuildName="(empty)"
	BuildStamp="20250608-1052-Experimental"
	Name="(empty)"
	Generator="ctest-3.28.3"
	CompilerName=""
	CompilerVersion=""
	OSName="Linux"
	Hostname="AleLinuxMint2"
	OSRelease="6.8.0-51-generic"
	OSVersion="#52-Ubuntu SMP PREEMPT_DYNAMIC Thu Dec  5 13:09:44 UTC 2024"
	OSPlatform="x86_64"
	Is64Bits="1"
	VendorString="AuthenticAMD"
	VendorID="Advanced Micro Devices"
	FamilyID="23"
	ModelID="24"
	ProcessorCacheSize="512"
	NumberOfLogicalCPU="8"
	NumberOfPhysicalCPU="4"
	TotalVirtualMemory="0"
	TotalPhysicalMemory="14918"
	LogicalProcessorsPerPhysical="2"
	ProcessorClockFrequency="3417.36"
	>
	<Testing>
		<StartDateTime>Jun 08 12:54 CEST</StartDateTime>
		<StartTestTime>1749380098</StartTestTime>
		<TestList>
			<Test>/home/ale/Documents/GitHub/IngenieriaInformaticaUCO/ED/repaso/P1linear_ds/TestStack</Test>
		</TestList>
		<Test Status="failed">
			<Name>TestStack</Name>
			<Path>/home/ale/Documents/GitHub/IngenieriaInformaticaUCO/ED/repaso/P1linear_ds</Path>
			<FullName>/home/ale/Documents/GitHub/IngenieriaInformaticaUCO/ED/repaso/P1linear_ds/TestStack</FullName>
			<FullCommandLine>/usr/bin/python3 "run_tests.py" "/home/ale/Documents/GitHub/IngenieriaInformaticaUCO/ED/repaso/P1linear_ds/build//test_stack" "11_tests_stack"</FullCommandLine>
			<Results>
				<NamedMeasurement type="text/string" name="Exit Code">
					<Value>Failed</Value>
				</NamedMeasurement>
				<NamedMeasurement type="text/string" name="Exit Value">
					<Value>1</Value>
				</NamedMeasurement>
				<NamedMeasurement type="numeric/double" name="Execution Time">
					<Value>0.426597</Value>
				</NamedMeasurement>
				<NamedMeasurement type="numeric/double" name="Processors">
					<Value>1</Value>
				</NamedMeasurement>
				<NamedMeasurement type="text/string" name="Completion Status">
					<Value>Completed</Value>
				</NamedMeasurement>
				<NamedMeasurement type="text/string" name="Command Line">
					<Value>/usr/bin/python3 "run_tests.py" "/home/ale/Documents/GitHub/IngenieriaInformaticaUCO/ED/repaso/P1linear_ds/build//test_stack" "11_tests_stack"</Value>
				</NamedMeasurement>
				<NamedMeasurement type="text/string" name="Environment">
					<Value>#CTEST_RESOURCE_GROUP_COUNT=</Value>
				</NamedMeasurement>
				<Measurement>
					<Value encoding="base64" compression="gzip">eJzlksFOwzAMhu99hV3MBbYDTbMBhwiQEEMwCQkO4VShElp3tWicKkmFeHuyjl3hAbja/uz//2WNIYIfmYm3CqSsYiqEKkRTf4iigDzPYVaullbvBgcTAjb5rCxspn8l5YGUe7IlptBhA58UO0DvnYfaNQinF9O2HbxnFYjOWRSmR7F29WiRYxD3FB/Gd7HhLTKhJ7Ph1nlrItXm5fZJ3K2FxyTPiWfZE6PxVRNET2kr2SHvhkHJs3OVbnJSo4/hMbUu9bVSrXcc54ufTjnp03AFxPFVwU0y7CM5hrcjChXaIX7NFyfQGupTEtkfMSz/SwxSrGByfviR7Bv1rsxm====</Value>
				</Measurement>
			</Results>
		</Test>
		<EndDateTime>Jun 08 12:54 CEST</EndDateTime>
		<EndTestTime>1749380099</EndTestTime>
		<ElapsedMinutes>0</ElapsedMinutes>
	</Testing>
</Site>
