Start testing: Jun 06 09:12 CEST
----------------------------------------------------------
11/11 Testing: TestStack
11/11 Test: TestStack
Command: "/usr/bin/python3" "run_tests.py" "/home/ale/Documents/GitHub/IngenieriaInformaticaUCO/ED/p32goama/linear_ds/build//test_stack" "11_tests_stack"
Directory: /home/ale/Documents/GitHub/IngenieriaInformaticaUCO/ED/p32goama/linear_ds
"TestStack" start time: Jun 06 09:12 CEST
Output:
----------------------------------------------------------
Test running: 11_tests_stack/00 ... [32mTest passed.[0m
Test running: 11_tests_stack/01 ... [32mTest passed.[0m
Test running: 11_tests_stack/02 ... [32mTest passed.[0m
3/3 tests passed.
<end of output>
Test time =   0.06 sec
----------------------------------------------------------
Test Passed.
"TestStack" end time: Jun 06 09:12 CEST
"TestStack" time elapsed: 00:00:00
----------------------------------------------------------

End testing: Jun 06 09:12 CEST
