Start testing: Jun 08 12:56 CEST
----------------------------------------------------------
11/11 Testing: TestBTreeInOrder
11/11 Test: TestBTreeInOrder
Command: "/usr/bin/python3" "run_tests.py" "/home/ale/Documents/GitHub/IngenieriaInformaticaUCO/ED/repaso/P2kdtree/build/binary_tree//test_btree" "05_tests_inorder"
Directory: /home/ale/Documents/GitHub/IngenieriaInformaticaUCO/ED/repaso/P2kdtree/binary_tree
"TestBTreeInOrder" start time: Jun 08 12:56 CEST
Output:
----------------------------------------------------------
Test running: 05_tests_inorder/30 ... [32mTest passed.[0m
Test running: 05_tests_inorder/31 ... [31mTest failed.[0m
Expected output:
[Unfolding ...
Is it in order? N
]
Actual output:
[Unfolding ...
Is it in order? Y
]
Test running: 05_tests_inorder/32 ... [31mTest failed.[0m
Expected output:
[Unfolding ...
Is it in order? N
]
Actual output:
[Unfolding ...
Is it in order? Y
]
Test running: 05_tests_inorder/33 ... [32mTest passed.[0m
Test running: 05_tests_inorder/34 ... [31mTest failed.[0m
Expected output:
[Unfolding ...
Is it in order? N
]
Actual output:
[Unfolding ...
Is it in order? Y
]
Test running: 05_tests_inorder/40 ... [31mTest failed.[0m
Expected output:
[Inserting in order 1 2 3 .
Is it in order? Y
Folding [ 1 [] [ 2 [] [ 3 [] [] ] ] ]
]
Actual output:
[Inserting in order 1 2 3 .
Is it in order? Y
Folding 
]
Test running: 05_tests_inorder/41 ... [31mTest failed.[0m
Expected output:
[Inserting in order 1 3 2 .
Is it in order? Y
Folding [ 1 [] [ 3 [ 2 [] [] ] [] ] ]
]
Actual output:
[Inserting in order 1 3 2 .
Is it in order? Y
Folding 
]
Test running: 05_tests_inorder/42 ... [31mTest failed.[0m
Expected output:
[Inserting in order 2 1 3 .
Is it in order? Y
Folding [ 2 [ 1 [] [] ] [ 3 [] [] ] ]
]
Actual output:
[Inserting in order 2 1 3 .
Is it in order? Y
Folding 
]
Test running: 05_tests_inorder/43 ... [31mTest failed.[0m
Expected output:
[Inserting in order 2 3 1 .
Is it in order? Y
Folding [ 2 [ 1 [] [] ] [ 3 [] [] ] ]
]
Actual output:
[Inserting in order 2 3 1 .
Is it in order? Y
Folding 
]
Test running: 05_tests_inorder/44 ... [31mTest failed.[0m
Expected output:
[Inserting in order 3 1 2 .
Is it in order? Y
Folding [ 3 [ 1 [] [ 2 [] [] ] ] [] ]
]
Actual output:
[Inserting in order 3 1 2 .
Is it in order? Y
Folding 
]
Test running: 05_tests_inorder/45 ... [31mTest failed.[0m
Expected output:
[Inserting in order 3 2 1 .
Is it in order? Y
Folding [ 3 [ 2 [ 1 [] [] ] [] ] [] ]
]
Actual output:
[Inserting in order 3 2 1 .
Is it in order? Y
Folding 
]
Test running: 05_tests_inorder/46 ... [31mTest failed.[0m
Expected output:
[Inserting in order 44 47 64 67 67 9 83 21 36 87 .
Is it in order? Y
Folding [ 44 [ 9 [] [ 21 [] [ 36 [] [] ] ] ] [ 47 [] [ 64 [] [ 67 [] [ 83 [] [ 87 [] [] ] ] ] ] ] ]
]
Actual output:
[Inserting in order 44 47 64 67 67 9 83 21 36 87 .
Is it in order? Y
Folding 
]
Test running: 05_tests_inorder/47 ... [31mTest failed.[0m
Expected output:
[Inserting in order 684 559 629 192 835 763 707 359 9 723 277 754 804 599 70 472 600 396 314 705 486 551 87 174 600 849 677 537 845 72 777 916 115 976 755 709 847 431 448 850 99 984 177 755 797 659 147 910 423 288 961 265 697 639 544 543 714 244 151 675 510 459 882 183 28 802 128 128 932 53 901 550 488 756 273 335 388 617 42 442 543 888 257 321 999 937 57 291 870 119 779 430 82 91 896 398 611 565 908 633 .
Is it in order? Y
Folding [ 684 [ 559 [ 192 [ 9 [] [ 70 [ 28 [] [ 53 [ 42 [] [] ] [ 57 [] [] ] ] ] [ 87 [ 72 [] [ 82 [] [] ] ] [ 174 [ 115 [ 99 [ 91 [] [] ] [] ] [ 147 [ 128 [ 119 [] [] ] [] ] [ 151 [] [] ] ] ] [ 177 [] [ 183 [] [] ] ] ] ] ] ] [ 359 [ 277 [ 265 [ 244 [] [ 257 [] [] ] ] [ 273 [] [] ] ] [ 314 [ 288 [] [ 291 [] [] ] ] [ 335 [ 321 [] [] ] [] ] ] ] [ 472 [ 396 [ 388 [] [] ] [ 431 [ 423 [ 398 [] [] ] [ 430 [] [] ] ] [ 448 [ 442 [] [] ] [ 459 [] [] ] ] ] ] [ 486 [] [ 551 [ 537 [ 510 [ 488 [] [] ] [] ] [ 544 [ 543 [] [] ] [ 550 [] [] ] ] ] [] ] ] ] ] ] [ 629 [ 599 [ 565 [] [] ] [ 600 [] [ 617 [ 611 [] [] ] [] ] ] ] [ 677 [ 659 [ 639 [ 633 [] [] ] [] ] [ 675 [] [] ] ] [] ] ] ] [ 835 [ 763 [ 707 [ 705 [ 697 [] [] ] [] ] [ 723 [ 709 [] [ 714 [] [] ] ] [ 754 [] [ 755 [] [ 756 [] [] ] ] ] ] ] [ 804 [ 777 [] [ 797 [ 779 [] [] ] [ 802 [] [] ] ] ] [] ] ] [ 849 [ 845 [] [ 847 [] [] ] ] [ 916 [ 850 [] [ 910 [ 882 [ 870 [] [] ] [ 901 [ 888 [] [ 896 [] [] ] ] [ 908 [] [] ] ] ] [] ] ] [ 976 [ 961 [ 932 [] [ 937 [] [] ] ] [] ] [ 984 [] [ 999 [] [] ] ] ] ] ] ] ]
]
Actual output:
[Inserting in order 684 559 629 192 835 763 707 359 9 723 277 754 804 599 70 472 600 396 314 705 486 551 87 174 600 849 677 537 845 72 777 916 115 976 755 709 847 431 448 850 99 984 177 755 797 659 147 910 423 288 961 265 697 639 544 543 714 244 151 675 510 459 882 183 28 802 128 128 932 53 901 550 488 756 273 335 388 617 42 442 543 888 257 321 999 937 57 291 870 119 779 430 82 91 896 398 611 565 908 633 .
Is it in order? Y
Folding 
]
2/13 tests passed.
<end of output>
Test time =   0.10 sec
----------------------------------------------------------
Test Failed.
"TestBTreeInOrder" end time: Jun 08 12:56 CEST
"TestBTreeInOrder" time elapsed: 00:00:00
----------------------------------------------------------

End testing: Jun 08 12:56 CEST
