<?xml version="1.0" encoding="UTF-8"?>
<Site BuildName="(empty)"
	BuildStamp="20250608-0717-Experimental"
	Name="(empty)"
	Generator="ctest-3.28.3"
	CompilerName=""
	CompilerVersion=""
	OSName="Linux"
	Hostname="AleLinuxMint2"
	OSRelease="6.8.0-51-generic"
	OSVersion="#52-Ubuntu SMP PREEMPT_DYNAMIC Thu Dec  5 13:09:44 UTC 2024"
	OSPlatform="x86_64"
	Is64Bits="1"
	VendorString="AuthenticAMD"
	VendorID="Advanced Micro Devices"
	FamilyID="23"
	ModelID="24"
	ProcessorCacheSize="512"
	NumberOfLogicalCPU="8"
	NumberOfPhysicalCPU="4"
	TotalVirtualMemory="0"
	TotalPhysicalMemory="14918"
	LogicalProcessorsPerPhysical="2"
	ProcessorClockFrequency="3418.21"
	>
	<Testing>
		<StartDateTime>Jun 08 10:15 CEST</StartDateTime>
		<StartTestTime>1749370522</StartTestTime>
		<TestList>
			<Test>/home/ale/Documents/GitHub/IngenieriaInformaticaUCO/ED/p32goama/avl-tree/TestAVLTreeMinMax</Test>
		</TestList>
		<Test Status="passed">
			<Name>TestAVLTreeMinMax</Name>
			<Path>/home/ale/Documents/GitHub/IngenieriaInformaticaUCO/ED/p32goama/avl-tree</Path>
			<FullName>/home/ale/Documents/GitHub/IngenieriaInformaticaUCO/ED/p32goama/avl-tree/TestAVLTreeMinMax</FullName>
			<FullCommandLine>/usr/bin/python3 "run_tests.py" "/home/ale/Documents/GitHub/IngenieriaInformaticaUCO/ED/p32goama/avl-tree/build//test_avltree" "06_tests_compute_min_max_branch_length"</FullCommandLine>
			<Results>
				<NamedMeasurement type="numeric/double" name="Execution Time">
					<Value>0.0940688</Value>
				</NamedMeasurement>
				<NamedMeasurement type="numeric/double" name="Processors">
					<Value>1</Value>
				</NamedMeasurement>
				<NamedMeasurement type="text/string" name="Completion Status">
					<Value>Completed</Value>
				</NamedMeasurement>
				<NamedMeasurement type="text/string" name="Command Line">
					<Value>/usr/bin/python3 "run_tests.py" "/home/ale/Documents/GitHub/IngenieriaInformaticaUCO/ED/p32goama/avl-tree/build//test_avltree" "06_tests_compute_min_max_branch_length"</Value>
				</NamedMeasurement>
				<NamedMeasurement type="text/string" name="Environment">
					<Value>#CTEST_RESOURCE_GROUP_COUNT=</Value>
				</NamedMeasurement>
				<Measurement>
					<Value encoding="base64" compression="gzip">eJytzDkOgCAQAMDeL9jsCxAvCt9BZ7FBJWrirkYg8fkeia2FoZ1itHUe9sA889iAVOgvcNivtAVvkWZGMgd2u+F+wsXy6KdMShBCQNqWBek72IxzdhBpKynRv8Y8+lhEH8voYxV9rD9GlSl4kleTE/2msTw=</Value>
				</Measurement>
			</Results>
		</Test>
		<EndDateTime>Jun 08 10:15 CEST</EndDateTime>
		<EndTestTime>1749370522</EndTestTime>
		<ElapsedMinutes>0</ElapsedMinutes>
	</Testing>
</Site>
